Using pre-set license
Built from '2020.3/release' branch; Version is '2020.3.12f1 (b3b2c6512326) revision 11776710'; Using compiler version '192528614'; Build Type 'Release'
OS: 'Windows 10 Pro Education; OS build 19042.1052; Version 2009; 64bit' Language: 'en' Physical Memory: 3983 MB
BatchMode: 1, IsHumanControllingUs: 0, StartBugReporterOnCrash: 0, Is64bit: 1, IsPro: 0

 COMMAND LINE ARGUMENTS:
F:\Program Files\Unity\Editor\2020.3.12f1\Editor\Unity.exe
-adb2
-batchMode
-noUpm
-name
AssetImportWorker8
-projectPath
F:/MazeGameSCM/Maze-Game
-logFile
Logs/AssetImportWorker8.log
-srvPort
60424
Successfully changed project path to: F:/MazeGameSCM/Maze-Game
F:/MazeGameSCM/Maze-Game
Using Asset Import Pipeline V2.
Refreshing native plugins compatible for Editor in 126.27 ms, found 2 plugins.
Preloading 0 native plugins for Editor in 0.00 ms.
Initialize engine version: 2020.3.12f1 (b3b2c6512326)
[Subsystems] Discovering subsystems at path F:/Program Files/Unity/Editor/2020.3.12f1/Editor/Data/Resources/UnitySubsystems
[Subsystems] Discovering subsystems at path F:/MazeGameSCM/Maze-Game/Assets
GfxDevice: creating device client; threaded=0
Direct3D:
    Version:  Direct3D 11.0 [level 11.1]
    Renderer: AMD Radeon(TM) R4 Graphics (ID=0x98e4)
    Vendor:   
    VRAM:     1991 MB
    Driver:   27.20.21003.8013
Initialize mono
Mono path[0] = 'F:/Program Files/Unity/Editor/2020.3.12f1/Editor/Data/Managed'
Mono path[1] = 'F:/Program Files/Unity/Editor/2020.3.12f1/Editor/Data/MonoBleedingEdge/lib/mono/unityjit'
Mono config path = 'F:/Program Files/Unity/Editor/2020.3.12f1/Editor/Data/MonoBleedingEdge/etc'
Using monoOptions --debugger-agent=transport=dt_socket,embedding=1,server=y,suspend=n,address=127.0.0.1:56320
Begin MonoManager ReloadAssembly
Registering precompiled unity dll's ...
Register platform support module: F:/Program Files/Unity/Editor/2020.3.12f1/Editor/Data/PlaybackEngines/WindowsStandaloneSupport/UnityEditor.WindowsStandalone.Extensions.dll
Registered in 0.003456 seconds.
Native extension for WindowsStandalone target not found
Refreshing native plugins compatible for Editor in 115.73 ms, found 2 plugins.
Preloading 0 native plugins for Editor in 0.00 ms.
Mono: successfully reloaded assembly
- Completed reload, in  5.167 seconds
Platform modules already initialized, skipping
Registering precompiled user dll's ...
Registered in 0.008414 seconds.
Begin MonoManager ReloadAssembly
Native extension for WindowsStandalone target not found
Refreshing native plugins compatible for Editor in 1.37 ms, found 2 plugins.
Preloading 0 native plugins for Editor in 0.00 ms.
Mono: successfully reloaded assembly
- Completed reload, in  5.187 seconds
Platform modules already initialized, skipping
========================================================================
Worker process is ready to serve import requests
Launched and connected shader compiler UnityShaderCompiler.exe after 0.44 seconds
Refreshing native plugins compatible for Editor in 1.59 ms, found 2 plugins.
Preloading 0 native plugins for Editor in 0.00 ms.
Unloading 1646 Unused Serialized files (Serialized files now loaded: 0)
System memory in use before: 169.1 MB.
System memory in use after: 169.1 MB.

Unloading 18 unused Assets to reduce memory usage. Loaded Objects now: 2106.
Total: 4.857200 ms (FindLiveObjects: 0.431000 ms CreateObjectMapping: 0.108400 ms MarkObjects: 4.134200 ms  DeleteObjects: 0.179700 ms)

AssetImportParameters requested are different than current active one (requested -> active):
  custom:framework-win-MediaFoundation: 216162199b28c13a410421893ffa2e32 -> 
  custom:video-decoder-ogg-theora: a1e56fd34408186e4bbccfd4996cb3dc -> 
  custom:container-muxer-webm: aa71ff27fc2769a1b78a27578f13a17b -> 
  custom:container-demuxer-webm: 4f35f7cbe854078d1ac9338744f61a02 -> 
  custom:container-demuxer-ogg: 62fdf1f143b41e24485cea50d1cbac27 -> 
  custom:video-encoder-webm-vp8: eb34c28f22e8b96e1ab97ce403110664 -> 
  custom:video-decoder-webm-vp8: 9c59270c3fd7afecdb556c50c9e8de78 -> 
  custom:audio-decoder-ogg-vorbis: bf7c407c2cedff20999df2af8eb42d56 -> 
  custom:audio-encoder-webm-vorbis: bf7c407c2cedff20999df2af8eb42d56 -> 
========================================================================
Received Import Request.
  path: Assets/All Settings Pro/Content/Art/UI
  artifactKey: Guid(db76802129c6fbf42a2fdb057ad37d4a) Importer(815301076,1909f56bfc062723c751e8b465ee728b)
Start importing Assets/All Settings Pro/Content/Art/UI using Guid(db76802129c6fbf42a2fdb057ad37d4a) Importer(815301076,1909f56bfc062723c751e8b465ee728b)  -> (artifact id: 'f96a76e6212efd57ed3795cae49a1f80') in 0.288395 seconds 
  Import took 0.349262 seconds .

========================================================================
Received Import Request.
  Time since last request: 0.033953 seconds.
  path: Assets/UI - BUILDER/Source Files/Icons/Icons@4x-assets/Location
  artifactKey: Guid(6adec0a962755614faedfce00edc7c73) Importer(815301076,1909f56bfc062723c751e8b465ee728b)
Start importing Assets/UI - BUILDER/Source Files/Icons/Icons@4x-assets/Location using Guid(6adec0a962755614faedfce00edc7c73) Importer(815301076,1909f56bfc062723c751e8b465ee728b)  -> (artifact id: '2b59174c6e89a6d57028e0ba0d93e722') in 0.062492 seconds 
  Import took 0.153968 seconds .

