Using pre-set license
Built from '2020.3/release' branch; Version is '2020.3.12f1 (b3b2c6512326) revision 11776710'; Using compiler version '192528614'; Build Type 'Release'
OS: 'Windows 10 Pro Education; OS build 19042.928; Version 2009; 64bit' Language: 'en' Physical Memory: 3983 MB
BatchMode: 1, IsHumanControllingUs: 0, StartBugReporterOnCrash: 0, Is64bit: 1, IsPro: 0

 COMMAND LINE ARGUMENTS:
F:\Program Files\Unity\Editor\2020.3.12f1\Editor\Unity.exe
-adb2
-batchMode
-noUpm
-name
AssetImportWorker10
-projectPath
F:/MazeGameSCM/Maze-Game/Maze
-logFile
Logs/AssetImportWorker10.log
-srvPort
52578
Successfully changed project path to: F:/MazeGameSCM/Maze-Game/Maze
F:/MazeGameSCM/Maze-Game/Maze
Using Asset Import Pipeline V2.
Refreshing native plugins compatible for Editor in 182.39 ms, found 2 plugins.
Preloading 0 native plugins for Editor in 0.00 ms.
Initialize engine version: 2020.3.12f1 (b3b2c6512326)
[Subsystems] Discovering subsystems at path F:/Program Files/Unity/Editor/2020.3.12f1/Editor/Data/Resources/UnitySubsystems
[Subsystems] Discovering subsystems at path F:/MazeGameSCM/Maze-Game/Maze/Assets
GfxDevice: creating device client; threaded=0
Direct3D:
    Version:  Direct3D 11.0 [level 11.1]
    Renderer: AMD Radeon(TM) R4 Graphics (ID=0x98e4)
    Vendor:   
    VRAM:     1991 MB
    Driver:   27.20.14535.1000
Initialize mono
Mono path[0] = 'F:/Program Files/Unity/Editor/2020.3.12f1/Editor/Data/Managed'
Mono path[1] = 'F:/Program Files/Unity/Editor/2020.3.12f1/Editor/Data/MonoBleedingEdge/lib/mono/unityjit'
Mono config path = 'F:/Program Files/Unity/Editor/2020.3.12f1/Editor/Data/MonoBleedingEdge/etc'
Using monoOptions --debugger-agent=transport=dt_socket,embedding=1,server=y,suspend=n,address=127.0.0.1:56016
Begin MonoManager ReloadAssembly
Registering precompiled unity dll's ...
Register platform support module: F:/Program Files/Unity/Editor/2020.3.12f1/Editor/Data/PlaybackEngines/WindowsStandaloneSupport/UnityEditor.WindowsStandalone.Extensions.dll
Registered in 0.006605 seconds.
Native extension for WindowsStandalone target not found
Refreshing native plugins compatible for Editor in 174.29 ms, found 2 plugins.
Preloading 0 native plugins for Editor in 0.00 ms.
Mono: successfully reloaded assembly
- Completed reload, in  8.312 seconds
Platform modules already initialized, skipping
Registering precompiled user dll's ...
Registered in 0.017931 seconds.
Begin MonoManager ReloadAssembly
Native extension for WindowsStandalone target not found
Refreshing native plugins compatible for Editor in 1.39 ms, found 2 plugins.
Preloading 0 native plugins for Editor in 0.00 ms.
Mono: successfully reloaded assembly
- Completed reload, in  2.826 seconds
Platform modules already initialized, skipping
========================================================================
Worker process is ready to serve import requests
Launched and connected shader compiler UnityShaderCompiler.exe after 0.90 seconds
Refreshing native plugins compatible for Editor in 1.58 ms, found 2 plugins.
Preloading 0 native plugins for Editor in 0.00 ms.
Unloading 1644 Unused Serialized files (Serialized files now loaded: 0)
System memory in use before: 169.0 MB.
System memory in use after: 169.0 MB.

Unloading 18 unused Assets to reduce memory usage. Loaded Objects now: 2100.
Total: 6.141700 ms (FindLiveObjects: 0.975300 ms CreateObjectMapping: 0.175600 ms MarkObjects: 4.833300 ms  DeleteObjects: 0.154300 ms)

AssetImportParameters requested are different than current active one (requested -> active):
  custom:framework-win-MediaFoundation: 216162199b28c13a410421893ffa2e32 -> 
  custom:video-decoder-ogg-theora: a1e56fd34408186e4bbccfd4996cb3dc -> 
  custom:container-muxer-webm: aa71ff27fc2769a1b78a27578f13a17b -> 
  custom:container-demuxer-webm: 4f35f7cbe854078d1ac9338744f61a02 -> 
  custom:container-demuxer-ogg: 62fdf1f143b41e24485cea50d1cbac27 -> 
  custom:video-encoder-webm-vp8: eb34c28f22e8b96e1ab97ce403110664 -> 
  custom:video-decoder-webm-vp8: 9c59270c3fd7afecdb556c50c9e8de78 -> 
  custom:audio-decoder-ogg-vorbis: bf7c407c2cedff20999df2af8eb42d56 -> 
  custom:audio-encoder-webm-vorbis: bf7c407c2cedff20999df2af8eb42d56 -> 
========================================================================
Received Import Request.
  path: Assets/Assets/Scenes/MainMenu.unity
  artifactKey: Guid(2ef0af59b80b869478c5f73802658b29) Importer(815301076,1909f56bfc062723c751e8b465ee728b)
Start importing Assets/Assets/Scenes/MainMenu.unity using Guid(2ef0af59b80b869478c5f73802658b29) Importer(815301076,1909f56bfc062723c751e8b465ee728b)  -> (artifact id: 'c6a154be865e5b8f362d1d82c41d5126') in 0.189300 seconds 
  Import took 0.251440 seconds .

========================================================================
Received Prepare
Registering precompiled user dll's ...
Registered in 0.009930 seconds.
Begin MonoManager ReloadAssembly
Native extension for WindowsStandalone target not found
Refreshing native plugins compatible for Editor in 1.48 ms, found 2 plugins.
Preloading 0 native plugins for Editor in 0.00 ms.
Mono: successfully reloaded assembly
- Completed reload, in  2.735 seconds
Platform modules already initialized, skipping
Switching build target platform(19) subTarget(0) extendedPlatform(0) -> platform(13) subTarget(537395200) extendedPlatform(0)
Refreshing native plugins compatible for Editor in 1.62 ms, found 2 plugins.
Preloading 0 native plugins for Editor in 0.00 ms.
Unloading 1600 Unused Serialized files (Serialized files now loaded: 0)
System memory in use before: 163.7 MB.
System memory in use after: 163.9 MB.

Unloading 13 unused Assets to reduce memory usage. Loaded Objects now: 2103.
Total: 6.181900 ms (FindLiveObjects: 0.416600 ms CreateObjectMapping: 0.102400 ms MarkObjects: 5.574400 ms  DeleteObjects: 0.085600 ms)

AssetImportParameters requested are different than current active one (requested -> active):
  custom:framework-win-MediaFoundation: 216162199b28c13a410421893ffa2e32 -> 
  custom:video-decoder-ogg-theora: a1e56fd34408186e4bbccfd4996cb3dc -> 
  custom:container-muxer-webm: aa71ff27fc2769a1b78a27578f13a17b -> 
  custom:container-demuxer-webm: 4f35f7cbe854078d1ac9338744f61a02 -> 
  custom:container-demuxer-ogg: 62fdf1f143b41e24485cea50d1cbac27 -> 
  custom:video-encoder-webm-vp8: eb34c28f22e8b96e1ab97ce403110664 -> 
  custom:video-decoder-webm-vp8: 9c59270c3fd7afecdb556c50c9e8de78 -> 
  custom:graphics/normal-map-encoding: 01000000000000000000000000000000 -> 02000000000000000000000000000000
  custom:audio-decoder-ogg-vorbis: bf7c407c2cedff20999df2af8eb42d56 -> 
  custom:audio-encoder-webm-vorbis: bf7c407c2cedff20999df2af8eb42d56 -> 
AssetImportWorkerClient::OnTransportError - code=2 error=End of file
